GROUP,PACKAGE,CLASS,INSTRUCTION_MISSED,INSTRUCTION_COVERED,BRANCH_MISSED,BRANCH_COVERED,LINE_MISSED,LINE_COVERED,COMPLEXITY_MISSED,COMPLEXITY_COVERED,METHOD_MISSED,METHOD_COVERED
CS5004 Assignment,edu.neu.ccs.cs5004.problem1.exceptions,PairAlreadyInitializedException,4,0,0,0,2,0,1,0,1,0
CS5004 Assignment,edu.neu.ccs.cs5004.problem1.exceptions,InvalidUsernameException,4,0,0,0,2,0,1,0,1,0
CS5004 Assignment,edu.neu.ccs.cs5004.problem1.exceptions,PairEmptyException,4,0,0,0,2,0,1,0,1,0
CS5004 Assignment,edu.neu.ccs.cs5004.problem2,Polynomial,166,77,28,10,37,22,23,7,6,5
CS5004 Assignment,edu.neu.ccs.cs5004.problem2,IPolynomial,2,0,0,0,1,0,1,0,1,0
CS5004 Assignment,edu.neu.ccs.cs5004.problem2,Node,0,47,0,0,0,19,0,8,0,8
CS5004 Assignment,edu.neu.ccs.cs5004.problem1,AbstractUpp,10,0,0,0,2,0,2,0,2,0
CS5004 Assignment,edu.neu.ccs.cs5004.problem1,NonEmptyUpp,63,0,4,0,17,0,10,0,8,0
CS5004 Assignment,edu.neu.ccs.cs5004.problem1,EmptyUpp,39,0,0,0,8,0,7,0,7,0
